<?xml version="1.0" encoding="UTF-8"?>
<!-- Generated by org.testng.reporters.JUnitReportReporter -->
<testsuite hostname="DESKTOP-SHNC452" failures="0" tests="6" name="module1_Login.DependsOn_Features" time="0.027" errors="0" timestamp="2025-01-09T23:17:25 IST" skipped="0">
  <testcase classname="module1_Login.DependsOn_Features" name="vivek" time="0.001"/>
  <system-out/>
  <testcase classname="module1_Login.DependsOn_Features" name="jayesh" time="0.022"/>
  <system-out/>
  <testcase classname="module1_Login.DependsOn_Features" name="tejas" time="0.001"/>
  <system-out/>
  <testcase classname="module1_Login.DependsOn_Features" name="pranav" time="0.001"/>
  <system-out/>
  <testcase classname="module1_Login.DependsOn_Features" name="aman" time="0.000"/>
  <system-out/>
  <testcase classname="module1_Login.DependsOn_Features" name="nishant" time="0.002"/>
  <system-out/>
</testsuite> <!-- module1_Login.DependsOn_Features -->
