<?xml version="1.0" encoding="UTF-8"?>
<!-- Generated by org.testng.reporters.JUnitReportReporter -->
<testsuite hostname="DESKTOP-SHNC452" failures="0" tests="1" name="module2_cart.SauceLab_AddToCart_Test" time="5.382" errors="0" timestamp="2025-01-09T11:44:36 IST" skipped="0">
  <testcase classname="module2_cart.SauceLab_AddToCart_Test" name="addToCart" time="5.382"/>
</testsuite> <!-- module2_cart.SauceLab_AddToCart_Test -->
