<?xml version="1.0" encoding="UTF-8"?>
<!-- Generated by org.testng.reporters.JUnitReportReporter -->
<testsuite hostname="DESKTOP-SHNC452" failures="0" tests="1" name="module1_Login.SwagLabLoginTest" time="12.360" errors="0" timestamp="2025-01-09T11:44:36 IST" skipped="0">
  <testcase classname="module1_Login.SwagLabLoginTest" name="homepage" time="12.360"/>
</testsuite> <!-- module1_Login.SwagLabLoginTest -->
